d:\уник\лабы\лабы кпо\nai-2025\nai-2025\debug\vc143.pdb
d:\уник\лабы\лабы кпо\nai-2025\nai-2025\debug\vc143.idb
d:\уник\лабы\лабы кпо\nai-2025\nai-2025\debug\sa.obj
d:\уник\лабы\лабы кпо\nai-2025\nai-2025\debug\polishnotation.obj
d:\уник\лабы\лабы кпо\nai-2025\nai-2025\debug\parm.obj
d:\уник\лабы\лабы кпо\nai-2025\nai-2025\debug\out.obj
d:\уник\лабы\лабы кпо\nai-2025\nai-2025\debug\nai-2025.obj
d:\уник\лабы\лабы кпо\nai-2025\nai-2025\debug\mfst.obj
d:\уник\лабы\лабы кпо\nai-2025\nai-2025\debug\lt.obj
d:\уник\лабы\лабы кпо\nai-2025\nai-2025\debug\log.obj
d:\уник\лабы\лабы кпо\nai-2025\nai-2025\debug\la.obj
d:\уник\лабы\лабы кпо\nai-2025\nai-2025\debug\it.obj
d:\уник\лабы\лабы кпо\nai-2025\nai-2025\debug\in.obj
d:\уник\лабы\лабы кпо\nai-2025\nai-2025\debug\grb.obj
d:\уник\лабы\лабы кпо\nai-2025\nai-2025\debug\fst.obj
d:\уник\лабы\лабы кпо\nai-2025\nai-2025\debug\error.obj
d:\уник\лабы\лабы кпо\nai-2025\nai-2025\debug\codegeneration.obj
d:\уник\лабы\лабы кпо\nai-2025\debug\nai-2025.exe
d:\уник\лабы\лабы кпо\nai-2025\debug\nai-2025.pdb
d:\уник\лабы\лабы кпо\nai-2025\nai-2025\debug\nai-2025.ilk
d:\уник\лабы\лабы кпо\nai-2025\nai-2025\debug\nai-2025.tlog\cl.command.1.tlog
d:\уник\лабы\лабы кпо\nai-2025\nai-2025\debug\nai-2025.tlog\cl.items.tlog
d:\уник\лабы\лабы кпо\nai-2025\nai-2025\debug\nai-2025.tlog\cl.read.1.tlog
d:\уник\лабы\лабы кпо\nai-2025\nai-2025\debug\nai-2025.tlog\cl.write.1.tlog
d:\уник\лабы\лабы кпо\nai-2025\nai-2025\debug\nai-2025.tlog\link.command.1.tlog
d:\уник\лабы\лабы кпо\nai-2025\nai-2025\debug\nai-2025.tlog\link.read.1.tlog
d:\уник\лабы\лабы кпо\nai-2025\nai-2025\debug\nai-2025.tlog\link.secondary.1.tlog
d:\уник\лабы\лабы кпо\nai-2025\nai-2025\debug\nai-2025.tlog\link.write.1.tlog
