Сборка начата 18.12.2025 12:21:52.
Уровень детализации журнала: Normal.     1>Проект "D:\Уник\Лабы\Лабы КПО\NAI-2025\NAI-2025\NAI-2025.vcxproj" в узле 2 (целевые объекты Build).
     1>PrepareForBuild:
         Структурированный вывод включен. Форматирование диагностики компилятора будет отражать иерархию ошибок. Подробнее см. https://aka.ms/cpp/structured-output.
       InitializeBuildStatus:
         Создание "Debug\NAI-2025.tlog\unsuccessfulbuild", так как было задано "AlwaysCreate".
         Обращение к "Debug\NAI-2025.tlog\unsuccessfulbuild".
       ClCompile:
         C:\Program Files\Microsoft Visual Studio\2022\Community\VC\Tools\MSVC\14.44.35207\bin\HostX86\x86\CL.exe /c /ZI /JMC /nologo /W3 /WX- /diagnostics:column /sdl /Od /Oy- /D WIN32 /D _DEBUG /D _CONSOLE /D _UNICODE /D UNICODE /Gm- /EHsc /RTC1 /MDd /GS /fp:precise /Zc:wchar_t /Zc:forScope /Zc:inline /permissive- /Fo"Debug\\" /Fd"Debug\vc143.pdb" /external:W3 /Gd /TP /analyze- /FC /errorReport:prompt "NAI-2025.cpp"
         NAI-2025.cpp
       Link:
         C:\Program Files\Microsoft Visual Studio\2022\Community\VC\Tools\MSVC\14.44.35207\bin\HostX86\x86\link.exe /ERRORREPORT:PROMPT /OUT:"D:\Уник\Лабы\Лабы КПО\NAI-2025\Debug\NAI-2025.exe" /INCREMENTAL /ILK:"Debug\NAI-2025.ilk" /NOLOGO kernel32.lib user32.lib gdi32.lib winspool.lib comdlg32.lib advapi32.lib shell32.lib ole32.lib oleaut32.lib uuid.lib odbc32.lib odbccp32.lib /MANIFEST /MANIFESTUAC:"level='asInvoker' uiAccess='false'" /manifest:embed /DEBUG /PDB:"D:\Уник\Лабы\Лабы КПО\NAI-2025\Debug\NAI-2025.pdb" /SUBSYSTEM:CONSOLE /TLBID:1 /DYNAMICBASE /NXCOMPAT /IMPLIB:"D:\Уник\Лабы\Лабы КПО\NAI-2025\Debug\NAI-2025.lib" /MACHINE:X86 Debug\CodeGeneration.obj
         Debug\Error.obj
         Debug\FST.obj
         Debug\GRB.obj
         Debug\In.obj
         Debug\IT.obj
         Debug\LA.obj
         Debug\Log.obj
         Debug\LT.obj
         Debug\MFST.obj
         "Debug\NAI-2025.obj"
         Debug\Out.obj
         Debug\Parm.obj
         Debug\PolishNotation.obj
         Debug\SA.obj
         NAI-2025.vcxproj -> D:\Уник\Лабы\Лабы КПО\NAI-2025\Debug\NAI-2025.exe
       FinalizeBuildStatus:
         Файл "Debug\NAI-2025.tlog\unsuccessfulbuild" удаляется.
         Обращение к "Debug\NAI-2025.tlog\NAI-2025.lastbuildstate".
     1>Сборка проекта "D:\Уник\Лабы\Лабы КПО\NAI-2025\NAI-2025\NAI-2025.vcxproj" завершена (целевые объекты Build).

Сборка успешно завершена.
    Предупреждений: 0
    Ошибок: 0

Прошло времени 00:00:01.02
