Сборка начата 18.12.2025 12:21:13.
Уровень детализации журнала: Normal.     1>Проект "D:\Уник\Лабы\Лабы КПО\NAI-2025\LIB\LIB.vcxproj" в узле 2 (целевые объекты Rebuild).
     1>_PrepareForClean:
         Файл "Debug\LIB.tlog\LIB.lastbuildstate" удаляется.
       PrepareForBuild:
         Структурированный вывод включен. Форматирование диагностики компилятора будет отражать иерархию ошибок. Подробнее см. https://aka.ms/cpp/structured-output.
       InitializeBuildStatus:
         Создание "Debug\LIB.tlog\unsuccessfulbuild", так как было задано "AlwaysCreate".
         Обращение к "Debug\LIB.tlog\unsuccessfulbuild".
       ClCompile:
         C:\Program Files\Microsoft Visual Studio\2022\Community\VC\Tools\MSVC\14.44.35207\bin\HostX86\x86\CL.exe /c /ZI /JMC /nologo /W3 /WX- /diagnostics:column /sdl /Od /Oy- /D WIN32 /D _DEBUG /D _CONSOLE /D _UNICODE /D UNICODE /Gm- /EHsc /RTC1 /MDd /GS /fp:precise /Zc:wchar_t /Zc:forScope /Zc:inline /permissive- /Fo"Debug\\" /Fd"D:\Уник\Лабы\Лабы КПО\NAI-2025\Debug\LIB.pdb" /external:W3 /Gd /TP /analyze- /FC /errorReport:prompt LIB.cpp
         LIB.cpp
       Lib:
         C:\Program Files\Microsoft Visual Studio\2022\Community\VC\Tools\MSVC\14.44.35207\bin\HostX86\x86\Lib.exe /OUT:"D:\Уник\Лабы\Лабы КПО\NAI-2025\Debug\LIB.lib" /NOLOGO /MACHINE:X86 Debug\LIB.obj
         LIB.vcxproj -> D:\Уник\Лабы\Лабы КПО\NAI-2025\Debug\LIB.lib
       FinalizeBuildStatus:
         Файл "Debug\LIB.tlog\unsuccessfulbuild" удаляется.
         Обращение к "Debug\LIB.tlog\LIB.lastbuildstate".
     1>Сборка проекта "D:\Уник\Лабы\Лабы КПО\NAI-2025\LIB\LIB.vcxproj" завершена (целевые объекты Rebuild).

Сборка успешно завершена.
    Предупреждений: 0
    Ошибок: 0

Прошло времени 00:00:00.90
